Using pre-set license
Built from '2020.3/staging' branch; Version is '2020.3.0f1 (c7b5465681fb) revision 13088070'; Using compiler version '192528614'; Build Type 'Release'
OS: 'Windows 10 Pro; OS build 19042.867; Version 2009; 64bit' Language: 'es' Physical Memory: 16315 MB
BatchMode: 1, IsHumanControllingUs: 0, StartBugReporterOnCrash: 0, Is64bit: 1, IsPro: 0

 COMMAND LINE ARGUMENTS:
E:\Programas Instalados\2020.3.0f1\Editor\Unity.exe
-adb2
-batchMode
-noUpm
-name
AssetImportWorker0
-projectPath
E:/I-2021/MATERIAS/REALIDAD_AUMENTADA/LatitudLongitud
-logFile
Logs/AssetImportWorker0.log
-srvPort
24394
Successfully changed project path to: E:/I-2021/MATERIAS/REALIDAD_AUMENTADA/LatitudLongitud
E:/I-2021/MATERIAS/REALIDAD_AUMENTADA/LatitudLongitud
Using Asset Import Pipeline V2.
Refreshing native plugins compatible for Editor in 43.32 ms, found 0 plugins.
Preloading 0 native plugins for Editor in 0.00 ms.
Initialize engine version: 2020.3.0f1 (c7b5465681fb)
[Subsystems] Discovering subsystems at path E:/Programas Instalados/2020.3.0f1/Editor/Data/Resources/UnitySubsystems
[Subsystems] Discovering subsystems at path E:/I-2021/MATERIAS/REALIDAD_AUMENTADA/LatitudLongitud/Assets
GfxDevice: creating device client; threaded=0
Direct3D:
    Version:  Direct3D 11.0 [level 11.0]
    Renderer: NVIDIA Quadro K4000M (ID=0x11bd)
    Vendor:   
    VRAM:     4052 MB
    Driver:   25.21.14.2625
Initialize mono
Mono path[0] = 'E:/Programas Instalados/2020.3.0f1/Editor/Data/Managed'
Mono path[1] = 'E:/Programas Instalados/2020.3.0f1/Editor/Data/MonoBleedingEdge/lib/mono/unityjit'
Mono config path = 'E:/Programas Instalados/2020.3.0f1/Editor/Data/MonoBleedingEdge/etc'
Using monoOptions --debugger-agent=transport=dt_socket,embedding=1,server=y,suspend=n,address=127.0.0.1:56400
Begin MonoManager ReloadAssembly
Registering precompiled unity dll's ...
Register platform support module: E:/Programas Instalados/2020.3.0f1/Editor/Data/PlaybackEngines/WindowsStandaloneSupport/UnityEditor.WindowsStandalone.Extensions.dll
Registered in 0.004673 seconds.
Native extension for WindowsStandalone target not found
Refreshing native plugins compatible for Editor in 40.02 ms, found 0 plugins.
Preloading 0 native plugins for Editor in 0.00 ms.
Invoked RoslynAnalysisRunner static constructor.
RoslynAnalysisRunner will not be running.
RoslynAnalysisRunner has terminated.
Mono: successfully reloaded assembly
- Completed reload, in  6.142 seconds
Platform modules already initialized, skipping
Registering precompiled user dll's ...
Registered in 0.001414 seconds.
Begin MonoManager ReloadAssembly
Native extension for WindowsStandalone target not found
Refreshing native plugins compatible for Editor in 0.38 ms, found 0 plugins.
Preloading 0 native plugins for Editor in 0.00 ms.
Invoked RoslynAnalysisRunner static constructor.
RoslynAnalysisRunner will not be running.
RoslynAnalysisRunner has terminated.
Mono: successfully reloaded assembly
- Completed reload, in  1.421 seconds
Platform modules already initialized, skipping
========================================================================
Worker process is ready to serve import requests
Launched and connected shader compiler UnityShaderCompiler.exe after 0.09 seconds
Refreshing native plugins compatible for Editor in 0.51 ms, found 0 plugins.
Preloading 0 native plugins for Editor in 0.00 ms.
Unloading 1436 Unused Serialized files (Serialized files now loaded: 0)
System memory in use before: 78.4 MB.
System memory in use after: 78.4 MB.

Unloading 11 unused Assets to reduce memory usage. Loaded Objects now: 1896.
Total: 2.438100 ms (FindLiveObjects: 0.188700 ms CreateObjectMapping: 0.066100 ms MarkObjects: 2.074200 ms  DeleteObjects: 0.106500 ms)

========================================================================
Received Import Request.
  path: Assets/Material
  artifactKey: Guid(a539c073e0175404a960c3d8569507b9) Importer(815301076,1909f56bfc062723c751e8b465ee728b)
Start importing Assets/Material using Guid(a539c073e0175404a960c3d8569507b9) Importer(815301076,1909f56bfc062723c751e8b465ee728b)  -> (artifact id: 'a97db024c227858a71cdeafc50a35c13') in 0.025095 seconds
  Import took 0.028047 seconds .

========================================================================
Received Import Request.
  Time since last request: 84.001489 seconds.
  path: Assets
  artifactKey: Guid(00000000000000001000000000000000) Importer(815301076,1909f56bfc062723c751e8b465ee728b)
Start importing Assets using Guid(00000000000000001000000000000000) Importer(815301076,1909f56bfc062723c751e8b465ee728b)  -> (artifact id: '42baae205c97e3337697759514652acd') in 0.007923 seconds
  Import took 0.012364 seconds .

========================================================================
Received Import Request.
  Time since last request: 9.815008 seconds.
  path: Assets/GPSLocation.cs
  artifactKey: Guid(8c07a220727bb734aa005bc3928049ac) Importer(815301076,1909f56bfc062723c751e8b465ee728b)
Start importing Assets/GPSLocation.cs using Guid(8c07a220727bb734aa005bc3928049ac) Importer(815301076,1909f56bfc062723c751e8b465ee728b)  -> (artifact id: '405106ce7a66f2a367767c9992eb10f5') in 0.066190 seconds
  Import took 0.070833 seconds .

========================================================================
Received Import Request.
  Time since last request: 0.070198 seconds.
  path: Assets/GPSLocation.cs
  artifactKey: Guid(8c07a220727bb734aa005bc3928049ac) Importer(815301076,1909f56bfc062723c751e8b465ee728b)
Start importing Assets/GPSLocation.cs using Guid(8c07a220727bb734aa005bc3928049ac) Importer(815301076,1909f56bfc062723c751e8b465ee728b)  -> (artifact id: '405106ce7a66f2a367767c9992eb10f5') in 0.005376 seconds
  Import took 0.009192 seconds .

========================================================================
Received Prepare
Registering precompiled user dll's ...
Registered in 0.001366 seconds.
Begin MonoManager ReloadAssembly
Native extension for WindowsStandalone target not found
Refreshing native plugins compatible for Editor in 0.37 ms, found 0 plugins.
Preloading 0 native plugins for Editor in 0.00 ms.
Invoked RoslynAnalysisRunner static constructor.
RoslynAnalysisRunner will not be running.
RoslynAnalysisRunner has terminated.
Mono: successfully reloaded assembly
- Completed reload, in  1.339 seconds
Platform modules already initialized, skipping
Switching build target platform(5) subTarget(0) extendedPlatform(0) -> platform(13) subTarget(524288) extendedPlatform(0)
Refreshing native plugins compatible for Editor in 0.82 ms, found 0 plugins.
Preloading 0 native plugins for Editor in 0.00 ms.
Unloading 1431 Unused Serialized files (Serialized files now loaded: 0)
System memory in use before: 78.0 MB.
System memory in use after: 78.1 MB.

Unloading 7 unused Assets to reduce memory usage. Loaded Objects now: 1901.
Total: 3.330200 ms (FindLiveObjects: 0.520000 ms CreateObjectMapping: 0.183400 ms MarkObjects: 2.531600 ms  DeleteObjects: 0.092900 ms)

AssetImportParameters requested are different than current active one (requested -> active):
  custom:graphics/normal-map-encoding: 01000000000000000000000000000000 -> 02000000000000000000000000000000
========================================================================
Received Prepare
Registering precompiled user dll's ...
Registered in 0.001355 seconds.
Begin MonoManager ReloadAssembly
Native extension for WindowsStandalone target not found
Refreshing native plugins compatible for Editor in 0.37 ms, found 0 plugins.
Preloading 0 native plugins for Editor in 0.00 ms.
Invoked RoslynAnalysisRunner static constructor.
RoslynAnalysisRunner will not be running.
RoslynAnalysisRunner has terminated.
Mono: successfully reloaded assembly
- Completed reload, in  1.353 seconds
Platform modules already initialized, skipping
Switching build target platform(5) subTarget(0) extendedPlatform(0) -> platform(13) subTarget(524288) extendedPlatform(0)
Refreshing native plugins compatible for Editor in 0.36 ms, found 0 plugins.
Preloading 0 native plugins for Editor in 0.00 ms.
Unloading 1431 Unused Serialized files (Serialized files now loaded: 0)
System memory in use before: 78.1 MB.
System memory in use after: 78.1 MB.

Unloading 7 unused Assets to reduce memory usage. Loaded Objects now: 1905.
Total: 2.347700 ms (FindLiveObjects: 0.201800 ms CreateObjectMapping: 0.061300 ms MarkObjects: 2.000100 ms  DeleteObjects: 0.082800 ms)

AssetImportParameters requested are different than current active one (requested -> active):
  custom:graphics/normal-map-encoding: 01000000000000000000000000000000 -> 02000000000000000000000000000000
========================================================================
Received Import Request.
  Time since last request: 191.002093 seconds.
  path: Assets/GPSLocation.cs
  artifactKey: Guid(8c07a220727bb734aa005bc3928049ac) Importer(815301076,1909f56bfc062723c751e8b465ee728b)
Start importing Assets/GPSLocation.cs using Guid(8c07a220727bb734aa005bc3928049ac) Importer(815301076,1909f56bfc062723c751e8b465ee728b)  -> (artifact id: '36400bedbbc959c5e9765782de31b5fb') in 0.007408 seconds
  Import took 0.011148 seconds .

========================================================================
Received Prepare
Registering precompiled user dll's ...
Registered in 0.001463 seconds.
Begin MonoManager ReloadAssembly
Native extension for WindowsStandalone target not found
Refreshing native plugins compatible for Editor in 0.37 ms, found 0 plugins.
Preloading 0 native plugins for Editor in 0.00 ms.
Invoked RoslynAnalysisRunner static constructor.
RoslynAnalysisRunner will not be running.
RoslynAnalysisRunner has terminated.
Mono: successfully reloaded assembly
- Completed reload, in  1.352 seconds
Platform modules already initialized, skipping
Switching build target platform(5) subTarget(0) extendedPlatform(0) -> platform(13) subTarget(524288) extendedPlatform(0)
Refreshing native plugins compatible for Editor in 0.37 ms, found 0 plugins.
Preloading 0 native plugins for Editor in 0.00 ms.
Unloading 1431 Unused Serialized files (Serialized files now loaded: 0)
System memory in use before: 78.1 MB.
System memory in use after: 78.2 MB.

Unloading 7 unused Assets to reduce memory usage. Loaded Objects now: 1909.
Total: 2.990000 ms (FindLiveObjects: 0.838700 ms CreateObjectMapping: 0.099600 ms MarkObjects: 1.930000 ms  DeleteObjects: 0.118200 ms)

AssetImportParameters requested are different than current active one (requested -> active):
  custom:graphics/normal-map-encoding: 01000000000000000000000000000000 -> 02000000000000000000000000000000
========================================================================
Received Import Request.
  Time since last request: 424.678805 seconds.
  path: Assets/GPSLocation.cs
  artifactKey: Guid(8c07a220727bb734aa005bc3928049ac) Importer(815301076,1909f56bfc062723c751e8b465ee728b)
Start importing Assets/GPSLocation.cs using Guid(8c07a220727bb734aa005bc3928049ac) Importer(815301076,1909f56bfc062723c751e8b465ee728b)  -> (artifact id: '30f5f3a68e92ca67160cf8431658a394') in 0.008627 seconds
  Import took 0.013267 seconds .

========================================================================
Received Prepare
Refreshing native plugins compatible for Editor in 1.43 ms, found 0 plugins.
Preloading 0 native plugins for Editor in 0.00 ms.
Unloading 4 Unused Serialized files (Serialized files now loaded: 0)
System memory in use before: 49.8 MB.
System memory in use after: 49.9 MB.

Unloading 3 unused Assets to reduce memory usage. Loaded Objects now: 1910.
Total: 3.104400 ms (FindLiveObjects: 0.234000 ms CreateObjectMapping: 0.084900 ms MarkObjects: 2.693100 ms  DeleteObjects: 0.089400 ms)

AssetImportWorkerClient::OnTransportError - code=2 error=End of file
